[2020-03-17T11:32:45.253] [DEBUG] cheese - login => username:wuwenyu,password:123456
[2020-03-17T11:32:45.256] [DEBUG] cheese - wuwenyu
[2020-03-17T11:32:45.357] [DEBUG] cheese - null
[2020-03-17T11:32:45.358] [DEBUG] cheese - null
[2020-03-17T11:32:55.628] [DEBUG] cheese - login => username:admin,password:123456
[2020-03-17T11:32:55.628] [DEBUG] cheese - admin
[2020-03-17T11:32:55.633] [DEBUG] cheese - null
[2020-03-17T11:32:55.633] [DEBUG] cheese - null
[2020-03-17T14:41:48.954] [DEBUG] cheese - login => username:admin,password:123456
[2020-03-17T14:41:48.955] [DEBUG] cheese - admin
[2020-03-17T14:41:49.242] [DEBUG] cheese - null
[2020-03-17T14:41:49.243] [DEBUG] cheese - null
[2020-03-17T14:43:12.245] [DEBUG] cheese - login => username:admin,password:123456
[2020-03-17T14:43:12.245] [DEBUG] cheese - admin
[2020-03-17T14:43:12.254] [DEBUG] cheese - null
[2020-03-17T14:43:12.254] [DEBUG] cheese - null
[2020-03-17T14:44:06.539] [DEBUG] cheese - login => username:admin,password:123456
[2020-03-17T14:44:06.539] [DEBUG] cheese - admin
[2020-03-17T14:44:06.794] [DEBUG] cheese - null
[2020-03-17T14:44:06.795] [DEBUG] cheese - null
[2020-03-17T14:44:10.814] [DEBUG] cheese - login => username:admin是的是的,password:123456
[2020-03-17T14:44:10.814] [DEBUG] cheese - admin是的是的
[2020-03-17T14:44:10.819] [DEBUG] cheese - null
[2020-03-17T14:44:10.819] [DEBUG] cheese - null
[2020-03-17T14:44:11.765] [DEBUG] cheese - login => username:admin是的是的,password:123456
[2020-03-17T14:44:11.765] [DEBUG] cheese - admin是的是的
[2020-03-17T14:44:12.026] [DEBUG] cheese - null
[2020-03-17T14:44:12.026] [DEBUG] cheese - null
[2020-03-17T14:44:13.676] [DEBUG] cheese - login => username:admin是的是的,password:123456
[2020-03-17T14:44:13.676] [DEBUG] cheese - admin是的是的
[2020-03-17T14:44:13.677] [DEBUG] cheese - null
[2020-03-17T14:44:13.677] [DEBUG] cheese - null
[2020-03-17T14:49:47.805] [DEBUG] cheese - login => username:admin,password:123456
[2020-03-17T14:49:47.805] [DEBUG] cheese - admin
[2020-03-17T14:49:48.098] [DEBUG] cheese - null
[2020-03-17T14:49:48.098] [DEBUG] cheese - null
[2020-03-17T15:09:08.252] [DEBUG] cheese - login => username:admin,password:123456
[2020-03-17T15:09:08.253] [DEBUG] cheese - admin
[2020-03-17T15:09:08.407] [DEBUG] cheese - null
[2020-03-17T15:09:08.407] [DEBUG] cheese - null
[2020-03-17T15:26:46.522] [DEBUG] cheese - login => username:admin,password:123456
[2020-03-17T15:26:46.523] [DEBUG] cheese - admin
[2020-03-17T15:26:46.615] [DEBUG] cheese - null
[2020-03-17T15:26:46.616] [DEBUG] cheese - null
[2020-03-17T16:33:11.516] [DEBUG] cheese - login => username:admin,password:123456
[2020-03-17T16:33:11.516] [DEBUG] cheese - admin
[2020-03-17T16:33:11.667] [DEBUG] cheese - null
[2020-03-17T16:33:11.667] [DEBUG] cheese - null
[2020-03-18T08:53:54.890] [DEBUG] cheese - login => username:admin,password:123456
[2020-03-18T08:53:54.891] [DEBUG] cheese - admin
[2020-03-18T08:53:55.001] [DEBUG] cheese - null
[2020-03-18T08:53:55.001] [DEBUG] cheese - null
[2020-03-18T10:09:37.131] [DEBUG] cheese - login => username:admin,password:123456
[2020-03-18T10:09:37.133] [DEBUG] cheese - admin
[2020-03-18T10:09:37.472] [DEBUG] cheese - null
[2020-03-18T10:09:37.472] [DEBUG] cheese - null
[2020-03-19T09:46:12.430] [DEBUG] cheese - login => username:admin,password:123456
[2020-03-19T09:46:12.432] [DEBUG] cheese - admin
[2020-03-19T09:46:12.740] [DEBUG] cheese - null
[2020-03-19T09:46:12.740] [DEBUG] cheese - null
[2020-03-19T09:47:12.378] [DEBUG] cheese - login => username:admin,password:123456
[2020-03-19T09:47:12.379] [DEBUG] cheese - admin
[2020-03-19T09:47:12.387] [DEBUG] cheese - null
[2020-03-19T09:47:12.388] [DEBUG] cheese - null
